mode: set
github.com/gymshark/go-easy-config/config.go:20.13,25.2 1 1
github.com/gymshark/go-easy-config/config.go:35.64,41.20 3 1
github.com/gymshark/go-easy-config/config.go:41.20,42.31 1 1
github.com/gymshark/go-easy-config/config.go:42.31,44.4 1 1
github.com/gymshark/go-easy-config/config.go:46.2,47.16 2 1
github.com/gymshark/go-easy-config/config.go:50.60,51.29 1 1
github.com/gymshark/go-easy-config/config.go:51.29,52.15 1 1
github.com/gymshark/go-easy-config/config.go:52.15,54.4 1 0
github.com/gymshark/go-easy-config/config.go:55.3,57.54 2 1
github.com/gymshark/go-easy-config/config.go:61.57,62.29 1 1
github.com/gymshark/go-easy-config/config.go:62.29,66.3 2 1
github.com/gymshark/go-easy-config/config.go:69.41,71.2 1 1
github.com/gymshark/go-easy-config/config.go:73.45,75.2 1 1
github.com/gymshark/go-easy-config/config.go:77.52,79.16 2 1
github.com/gymshark/go-easy-config/config.go:79.16,81.3 1 1
github.com/gymshark/go-easy-config/config.go:83.2,84.16 2 0
github.com/gymshark/go-easy-config/config.go:84.16,86.3 1 0
github.com/gymshark/go-easy-config/config.go:88.2,88.12 1 0
github.com/gymshark/go-easy-config/config.go:91.51,94.2 2 1
github.com/gymshark/go-easy-config/config.go:105.43,106.22 1 1
github.com/gymshark/go-easy-config/config.go:106.22,108.3 1 0
github.com/gymshark/go-easy-config/config.go:109.2,109.35 1 1
github.com/gymshark/go-easy-config/config.go:109.35,110.20 1 1
github.com/gymshark/go-easy-config/config.go:110.20,112.4 1 1
github.com/gymshark/go-easy-config/config.go:113.3,113.40 1 1
github.com/gymshark/go-easy-config/config.go:113.40,115.4 1 1
github.com/gymshark/go-easy-config/config.go:117.2,117.12 1 0
github.com/gymshark/go-easy-config/config.go:125.55,126.22 1 1
github.com/gymshark/go-easy-config/config.go:126.22,128.3 1 0
github.com/gymshark/go-easy-config/config.go:129.2,129.35 1 1
github.com/gymshark/go-easy-config/config.go:129.35,130.20 1 1
github.com/gymshark/go-easy-config/config.go:130.20,132.4 1 1
github.com/gymshark/go-easy-config/config.go:133.3,133.32 1 1
github.com/gymshark/go-easy-config/config.go:133.32,134.9 1 0
github.com/gymshark/go-easy-config/config.go:136.3,136.40 1 1
github.com/gymshark/go-easy-config/config.go:136.40,138.4 1 1
github.com/gymshark/go-easy-config/config.go:140.2,140.12 1 0
github.com/gymshark/go-easy-config/config.go:145.49,147.2 1 1
github.com/gymshark/go-easy-config/config.go:149.28,150.37 1 1
github.com/gymshark/go-easy-config/config.go:150.37,152.3 1 0
github.com/gymshark/go-easy-config/config.go:154.2,155.29 2 1
github.com/gymshark/go-easy-config/config.go:155.29,157.3 1 1
github.com/gymshark/go-easy-config/config.go:158.2,158.32 1 1
github.com/gymshark/go-easy-config/config.go:158.32,160.37 2 1
github.com/gymshark/go-easy-config/config.go:160.37,163.33 3 1
github.com/gymshark/go-easy-config/config.go:163.33,164.13 1 0
github.com/gymshark/go-easy-config/config.go:166.4,166.21 1 1
github.com/gymshark/go-easy-config/config.go:166.21,168.5 1 1
github.com/gymshark/go-easy-config/config.go:171.2,171.12 1 0
github.com/gymshark/go-easy-config/config.go:178.52,180.2 1 1
github.com/gymshark/go-easy-config/config.go:182.66,183.17 1 1
github.com/gymshark/go-easy-config/config.go:183.17,185.3 1 1
github.com/gymshark/go-easy-config/config.go:187.2,187.73 1 1
github.com/gymshark/go-easy-config/config.go:187.73,189.3 1 1
github.com/gymshark/go-easy-config/config.go:190.2,190.12 1 0
github.com/gymshark/go-easy-config/config.go:197.51,199.2 1 1
github.com/gymshark/go-easy-config/config.go:201.57,203.16 2 1
github.com/gymshark/go-easy-config/config.go:203.16,205.3 1 0
github.com/gymshark/go-easy-config/config.go:207.2,208.29 2 1
github.com/gymshark/go-easy-config/config.go:208.29,210.3 1 1
github.com/gymshark/go-easy-config/config.go:211.2,211.32 1 1
github.com/gymshark/go-easy-config/config.go:211.32,213.37 2 1
github.com/gymshark/go-easy-config/config.go:213.37,216.33 3 1
github.com/gymshark/go-easy-config/config.go:216.33,217.13 1 0
github.com/gymshark/go-easy-config/config.go:219.4,219.21 1 1
github.com/gymshark/go-easy-config/config.go:219.21,221.5 1 1
github.com/gymshark/go-easy-config/config.go:224.2,224.12 1 1
github.com/gymshark/go-easy-config/config.go:227.48,232.2 1 1
github.com/gymshark/go-easy-config/config.go:234.47,235.14 1 1
github.com/gymshark/go-easy-config/config.go:235.14,237.3 1 1
github.com/gymshark/go-easy-config/config.go:238.2,239.29 2 1
github.com/gymshark/go-easy-config/config.go:239.29,241.3 1 1
github.com/gymshark/go-easy-config/config.go:242.2,242.32 1 1
github.com/gymshark/go-easy-config/config.go:242.32,244.3 1 1
github.com/gymshark/go-easy-config/config.go:245.2,246.36 2 1
github.com/gymshark/go-easy-config/config.go:246.36,249.32 3 1
github.com/gymshark/go-easy-config/config.go:249.32,250.12 1 0
github.com/gymshark/go-easy-config/config.go:252.3,252.20 1 1
github.com/gymshark/go-easy-config/config.go:252.20,254.4 1 1
github.com/gymshark/go-easy-config/config.go:256.2,256.13 1 0
github.com/gymshark/go-easy-config/config.go:259.35,260.18 1 1
github.com/gymshark/go-easy-config/config.go:261.61,262.19 1 1
github.com/gymshark/go-easy-config/config.go:263.25,264.16 1 0
github.com/gymshark/go-easy-config/config.go:264.16,266.4 1 0
github.com/gymshark/go-easy-config/config.go:268.3,269.105 2 0
github.com/gymshark/go-easy-config/config.go:269.105,271.4 1 0
github.com/gymshark/go-easy-config/config.go:273.3,273.28 1 0
github.com/gymshark/go-easy-config/config.go:274.21,275.32 1 1
github.com/gymshark/go-easy-config/config.go:275.32,276.27 1 1
github.com/gymshark/go-easy-config/config.go:276.27,278.5 1 0
github.com/gymshark/go-easy-config/config.go:280.3,280.14 1 1
github.com/gymshark/go-easy-config/config.go:281.20,282.19 1 1
github.com/gymshark/go-easy-config/config.go:283.78,284.22 1 1
github.com/gymshark/go-easy-config/config.go:285.100,286.23 1 1
github.com/gymshark/go-easy-config/config.go:287.40,288.24 1 1
github.com/gymshark/go-easy-config/config.go:289.45,290.26 1 1
github.com/gymshark/go-easy-config/config.go:291.22,292.26 1 1
github.com/gymshark/go-easy-config/config.go:294.2,294.14 1 1
github.com/gymshark/go-easy-config/validator.go:9.40,13.92 2 1
github.com/gymshark/go-easy-config/validator.go:13.92,15.3 1 1
github.com/gymshark/go-easy-config/validator.go:18.2,18.93 1 1
github.com/gymshark/go-easy-config/validator.go:18.93,20.3 1 1
github.com/gymshark/go-easy-config/validator.go:23.2,23.92 1 1
github.com/gymshark/go-easy-config/validator.go:23.92,25.3 1 1
github.com/gymshark/go-easy-config/validator.go:28.2,28.104 1 1
github.com/gymshark/go-easy-config/validator.go:28.104,30.3 1 1
github.com/gymshark/go-easy-config/validator.go:33.2,33.100 1 1
github.com/gymshark/go-easy-config/validator.go:33.100,35.3 1 1
github.com/gymshark/go-easy-config/validator.go:38.2,38.104 1 1
github.com/gymshark/go-easy-config/validator.go:38.104,40.3 1 1
github.com/gymshark/go-easy-config/validator.go:42.2,42.18 1 1
github.com/gymshark/go-easy-config/validator.go:45.63,47.30 2 1
github.com/gymshark/go-easy-config/validator.go:47.30,49.17 2 1
github.com/gymshark/go-easy-config/validator.go:49.17,51.4 1 0
github.com/gymshark/go-easy-config/validator.go:53.2,53.13 1 1
github.com/gymshark/go-easy-config/validator.go:56.64,58.30 2 1
github.com/gymshark/go-easy-config/validator.go:58.30,60.18 2 1
github.com/gymshark/go-easy-config/validator.go:60.18,62.4 1 1
github.com/gymshark/go-easy-config/validator.go:64.2,64.13 1 1
github.com/gymshark/go-easy-config/validator.go:67.62,70.30 3 1
github.com/gymshark/go-easy-config/validator.go:70.30,72.18 2 1
github.com/gymshark/go-easy-config/validator.go:72.18,74.4 1 1
github.com/gymshark/go-easy-config/validator.go:76.2,76.19 1 1
github.com/gymshark/go-easy-config/validator.go:79.68,82.30 3 1
github.com/gymshark/go-easy-config/validator.go:82.30,84.18 2 1
github.com/gymshark/go-easy-config/validator.go:84.18,86.4 1 1
github.com/gymshark/go-easy-config/validator.go:88.2,88.19 1 1
github.com/gymshark/go-easy-config/validator.go:91.71,94.30 3 1
github.com/gymshark/go-easy-config/validator.go:94.30,96.17 2 1
github.com/gymshark/go-easy-config/validator.go:96.17,98.4 1 0
github.com/gymshark/go-easy-config/validator.go:100.2,100.19 1 1
